c:\users\user\desktop\myprojec1t\debug\vc142.pdb
c:\users\user\desktop\myprojec1t\debug\myform.obj
c:\users\user\desktop\myprojec1t\debug\form1.obj
c:\users\user\desktop\myproject\debug\myproject.exe
c:\users\user\desktop\myproject\debug\myproject.pdb
c:\users\user\desktop\myprojec1t\debug\myproject.exe
c:\users\user\desktop\myprojec1t\debug\myproject.pdb
c:\users\user\desktop\myproject\debug\myproject.form1.resources
c:\users\user\desktop\myprojec1t\debug\myproject.form1.resources
c:\users\user\desktop\myprojec1t\debug\myproject.vcxproj.generateresource.cache
c:\users\user\desktop\myprojec1t\debug\myproject.vcxprojassemblyreference.cache
c:\users\user\desktop\myprojec1t\debug\.netframework,version=v4.7.2.assemblyattributes.obj
c:\users\user\desktop\myprojec1t\debug\myproject.exe.metagen
c:\users\user\desktop\myprojec1t\debug\myproject.tlog\cl.command.1.tlog
c:\users\user\desktop\myprojec1t\debug\myproject.tlog\cl.read.1.tlog
c:\users\user\desktop\myprojec1t\debug\myproject.tlog\cl.write.1.tlog
c:\users\user\desktop\myprojec1t\debug\myproject.tlog\link.10104.delete.1.tlog
c:\users\user\desktop\myprojec1t\debug\myproject.tlog\link.10124.delete.1.tlog
c:\users\user\desktop\myprojec1t\debug\myproject.tlog\link.10172.delete.1.tlog
c:\users\user\desktop\myprojec1t\debug\myproject.tlog\link.1040.delete.1.tlog
c:\users\user\desktop\myprojec1t\debug\myproject.tlog\link.11180.delete.1.tlog
c:\users\user\desktop\myprojec1t\debug\myproject.tlog\link.11276.delete.1.tlog
c:\users\user\desktop\myprojec1t\debug\myproject.tlog\link.11688.delete.1.tlog
c:\users\user\desktop\myprojec1t\debug\myproject.tlog\link.12084.delete.1.tlog
c:\users\user\desktop\myprojec1t\debug\myproject.tlog\link.1236.delete.1.tlog
c:\users\user\desktop\myprojec1t\debug\myproject.tlog\link.12412.delete.1.tlog
c:\users\user\desktop\myprojec1t\debug\myproject.tlog\link.12488.delete.1.tlog
c:\users\user\desktop\myprojec1t\debug\myproject.tlog\link.12596.delete.1.tlog
c:\users\user\desktop\myprojec1t\debug\myproject.tlog\link.12664.delete.1.tlog
c:\users\user\desktop\myprojec1t\debug\myproject.tlog\link.12732.delete.1.tlog
c:\users\user\desktop\myprojec1t\debug\myproject.tlog\link.13180.delete.1.tlog
c:\users\user\desktop\myprojec1t\debug\myproject.tlog\link.13380.delete.1.tlog
c:\users\user\desktop\myprojec1t\debug\myproject.tlog\link.13548.delete.1.tlog
c:\users\user\desktop\myprojec1t\debug\myproject.tlog\link.13628.delete.1.tlog
c:\users\user\desktop\myprojec1t\debug\myproject.tlog\link.1364.delete.1.tlog
c:\users\user\desktop\myprojec1t\debug\myproject.tlog\link.13908.delete.1.tlog
c:\users\user\desktop\myprojec1t\debug\myproject.tlog\link.13992.delete.1.tlog
c:\users\user\desktop\myprojec1t\debug\myproject.tlog\link.14028.delete.1.tlog
c:\users\user\desktop\myprojec1t\debug\myproject.tlog\link.14184.delete.1.tlog
c:\users\user\desktop\myprojec1t\debug\myproject.tlog\link.14300.delete.1.tlog
c:\users\user\desktop\myprojec1t\debug\myproject.tlog\link.14372.delete.1.tlog
c:\users\user\desktop\myprojec1t\debug\myproject.tlog\link.14520.delete.1.tlog
c:\users\user\desktop\myprojec1t\debug\myproject.tlog\link.14636.delete.1.tlog
c:\users\user\desktop\myprojec1t\debug\myproject.tlog\link.14968.delete.1.tlog
c:\users\user\desktop\myprojec1t\debug\myproject.tlog\link.15048.delete.1.tlog
c:\users\user\desktop\myprojec1t\debug\myproject.tlog\link.15096.delete.1.tlog
c:\users\user\desktop\myprojec1t\debug\myproject.tlog\link.15100.delete.1.tlog
c:\users\user\desktop\myprojec1t\debug\myproject.tlog\link.15112.delete.1.tlog
c:\users\user\desktop\myprojec1t\debug\myproject.tlog\link.15176.delete.1.tlog
c:\users\user\desktop\myprojec1t\debug\myproject.tlog\link.15296.delete.1.tlog
c:\users\user\desktop\myprojec1t\debug\myproject.tlog\link.15308.delete.1.tlog
c:\users\user\desktop\myprojec1t\debug\myproject.tlog\link.15624.delete.1.tlog
c:\users\user\desktop\myprojec1t\debug\myproject.tlog\link.15712.delete.1.tlog
c:\users\user\desktop\myprojec1t\debug\myproject.tlog\link.16044.delete.1.tlog
c:\users\user\desktop\myprojec1t\debug\myproject.tlog\link.16124.delete.1.tlog
c:\users\user\desktop\myprojec1t\debug\myproject.tlog\link.16172.delete.1.tlog
c:\users\user\desktop\myprojec1t\debug\myproject.tlog\link.16292.delete.1.tlog
c:\users\user\desktop\myprojec1t\debug\myproject.tlog\link.16436.delete.1.tlog
c:\users\user\desktop\myprojec1t\debug\myproject.tlog\link.16476.delete.1.tlog
c:\users\user\desktop\myprojec1t\debug\myproject.tlog\link.16696.delete.1.tlog
c:\users\user\desktop\myprojec1t\debug\myproject.tlog\link.16760.delete.1.tlog
c:\users\user\desktop\myprojec1t\debug\myproject.tlog\link.16992.delete.1.tlog
c:\users\user\desktop\myprojec1t\debug\myproject.tlog\link.17244.delete.1.tlog
c:\users\user\desktop\myprojec1t\debug\myproject.tlog\link.17276.delete.1.tlog
c:\users\user\desktop\myprojec1t\debug\myproject.tlog\link.1728.delete.1.tlog
c:\users\user\desktop\myprojec1t\debug\myproject.tlog\link.17352.delete.1.tlog
c:\users\user\desktop\myprojec1t\debug\myproject.tlog\link.17816.delete.1.tlog
c:\users\user\desktop\myprojec1t\debug\myproject.tlog\link.17856.delete.1.tlog
c:\users\user\desktop\myprojec1t\debug\myproject.tlog\link.18168.delete.1.tlog
c:\users\user\desktop\myprojec1t\debug\myproject.tlog\link.18356.delete.1.tlog
c:\users\user\desktop\myprojec1t\debug\myproject.tlog\link.18380.delete.1.tlog
c:\users\user\desktop\myprojec1t\debug\myproject.tlog\link.18488.delete.1.tlog
c:\users\user\desktop\myprojec1t\debug\myproject.tlog\link.1868.delete.1.tlog
c:\users\user\desktop\myprojec1t\debug\myproject.tlog\link.18788.delete.1.tlog
c:\users\user\desktop\myprojec1t\debug\myproject.tlog\link.18820.delete.1.tlog
c:\users\user\desktop\myprojec1t\debug\myproject.tlog\link.18840.delete.1.tlog
c:\users\user\desktop\myprojec1t\debug\myproject.tlog\link.18884.delete.1.tlog
c:\users\user\desktop\myprojec1t\debug\myproject.tlog\link.19004.delete.1.tlog
c:\users\user\desktop\myprojec1t\debug\myproject.tlog\link.19132.delete.1.tlog
c:\users\user\desktop\myprojec1t\debug\myproject.tlog\link.19180.delete.1.tlog
c:\users\user\desktop\myprojec1t\debug\myproject.tlog\link.19644.delete.1.tlog
c:\users\user\desktop\myprojec1t\debug\myproject.tlog\link.19864.delete.1.tlog
c:\users\user\desktop\myprojec1t\debug\myproject.tlog\link.20156.delete.1.tlog
c:\users\user\desktop\myprojec1t\debug\myproject.tlog\link.20528.delete.1.tlog
c:\users\user\desktop\myprojec1t\debug\myproject.tlog\link.20752.delete.1.tlog
c:\users\user\desktop\myprojec1t\debug\myproject.tlog\link.20796.delete.1.tlog
c:\users\user\desktop\myprojec1t\debug\myproject.tlog\link.2108.delete.1.tlog
c:\users\user\desktop\myprojec1t\debug\myproject.tlog\link.21516.delete.1.tlog
c:\users\user\desktop\myprojec1t\debug\myproject.tlog\link.21520.delete.1.tlog
c:\users\user\desktop\myprojec1t\debug\myproject.tlog\link.22244.delete.1.tlog
c:\users\user\desktop\myprojec1t\debug\myproject.tlog\link.2248.delete.1.tlog
c:\users\user\desktop\myprojec1t\debug\myproject.tlog\link.22508.delete.1.tlog
c:\users\user\desktop\myprojec1t\debug\myproject.tlog\link.2284.delete.1.tlog
c:\users\user\desktop\myprojec1t\debug\myproject.tlog\link.23292.delete.1.tlog
c:\users\user\desktop\myprojec1t\debug\myproject.tlog\link.23316.delete.1.tlog
c:\users\user\desktop\myprojec1t\debug\myproject.tlog\link.23656.delete.1.tlog
c:\users\user\desktop\myprojec1t\debug\myproject.tlog\link.23760.delete.1.tlog
c:\users\user\desktop\myprojec1t\debug\myproject.tlog\link.23956.delete.1.tlog
c:\users\user\desktop\myprojec1t\debug\myproject.tlog\link.24220.delete.1.tlog
c:\users\user\desktop\myprojec1t\debug\myproject.tlog\link.24308.delete.1.tlog
c:\users\user\desktop\myprojec1t\debug\myproject.tlog\link.2520.delete.1.tlog
c:\users\user\desktop\myprojec1t\debug\myproject.tlog\link.2804.delete.1.tlog
c:\users\user\desktop\myprojec1t\debug\myproject.tlog\link.3140.delete.1.tlog
c:\users\user\desktop\myprojec1t\debug\myproject.tlog\link.3748.delete.1.tlog
c:\users\user\desktop\myprojec1t\debug\myproject.tlog\link.3848.delete.1.tlog
c:\users\user\desktop\myprojec1t\debug\myproject.tlog\link.5308.delete.1.tlog
c:\users\user\desktop\myprojec1t\debug\myproject.tlog\link.5468.delete.1.tlog
c:\users\user\desktop\myprojec1t\debug\myproject.tlog\link.548.delete.1.tlog
c:\users\user\desktop\myprojec1t\debug\myproject.tlog\link.5612.delete.1.tlog
c:\users\user\desktop\myprojec1t\debug\myproject.tlog\link.5644.delete.1.tlog
c:\users\user\desktop\myprojec1t\debug\myproject.tlog\link.6192.delete.1.tlog
c:\users\user\desktop\myprojec1t\debug\myproject.tlog\link.6364.delete.1.tlog
c:\users\user\desktop\myprojec1t\debug\myproject.tlog\link.6560.delete.1.tlog
c:\users\user\desktop\myprojec1t\debug\myproject.tlog\link.6824.delete.1.tlog
c:\users\user\desktop\myprojec1t\debug\myproject.tlog\link.7040.delete.1.tlog
c:\users\user\desktop\myprojec1t\debug\myproject.tlog\link.7140.delete.1.tlog
c:\users\user\desktop\myprojec1t\debug\myproject.tlog\link.7284.delete.1.tlog
c:\users\user\desktop\myprojec1t\debug\myproject.tlog\link.7472.delete.1.tlog
c:\users\user\desktop\myprojec1t\debug\myproject.tlog\link.7492.delete.1.tlog
c:\users\user\desktop\myprojec1t\debug\myproject.tlog\link.7620.delete.1.tlog
c:\users\user\desktop\myprojec1t\debug\myproject.tlog\link.7844.delete.1.tlog
c:\users\user\desktop\myprojec1t\debug\myproject.tlog\link.8200.delete.1.tlog
c:\users\user\desktop\myprojec1t\debug\myproject.tlog\link.8216.delete.1.tlog
c:\users\user\desktop\myprojec1t\debug\myproject.tlog\link.8456.delete.1.tlog
c:\users\user\desktop\myprojec1t\debug\myproject.tlog\link.8500.delete.1.tlog
c:\users\user\desktop\myprojec1t\debug\myproject.tlog\link.8512.delete.1.tlog
c:\users\user\desktop\myprojec1t\debug\myproject.tlog\link.8520.delete.1.tlog
c:\users\user\desktop\myprojec1t\debug\myproject.tlog\link.8532.delete.1.tlog
c:\users\user\desktop\myprojec1t\debug\myproject.tlog\link.8548.delete.1.tlog
c:\users\user\desktop\myprojec1t\debug\myproject.tlog\link.8644.delete.1.tlog
c:\users\user\desktop\myprojec1t\debug\myproject.tlog\link.8736.delete.1.tlog
c:\users\user\desktop\myprojec1t\debug\myproject.tlog\link.8820.delete.1.tlog
c:\users\user\desktop\myprojec1t\debug\myproject.tlog\link.9152.delete.1.tlog
c:\users\user\desktop\myprojec1t\debug\myproject.tlog\link.9224.delete.1.tlog
c:\users\user\desktop\myprojec1t\debug\myproject.tlog\link.9436.delete.1.tlog
c:\users\user\desktop\myprojec1t\debug\myproject.tlog\link.9456.delete.1.tlog
c:\users\user\desktop\myprojec1t\debug\myproject.tlog\link.9824.delete.1.tlog
c:\users\user\desktop\myprojec1t\debug\myproject.tlog\link.command.1.tlog
c:\users\user\desktop\myprojec1t\debug\myproject.tlog\link.read.1.tlog
c:\users\user\desktop\myprojec1t\debug\myproject.tlog\link.write.1.tlog
c:\users\user\desktop\myprojec1t\debug\myproject.tlog\metagen.read.1.tlog
c:\users\user\desktop\myprojec1t\debug\myproject.tlog\metagen.write.1.tlog
c:\users\user\desktop\myprojec1t\debug\myproject.tlog\myproject.write.1u.tlog
